C:\Program Files (x86)\MSBuild\Microsoft.Cpp\v4.0\V140\Microsoft.CppBuild.targets(392,5): warning MSB8028: The intermediate directory (obj\Release\) contains files shared from another project (._emptyExample.vcxproj).  This can lead to incorrect clean and rebuild behavior.
  ofApp.cpp
C:\Users\Felipe\Desktop\of_v0.9.8_vs_release\libs\openFrameworks\math\ofMatrix4x4.h(320): warning C4267: 'argumento': conversión de 'size_t' a 'int'; posible pérdida de datos
C:\Users\Felipe\Desktop\of_v0.9.8_vs_release\libs\openFrameworks\math\ofMatrix4x4.h(325): warning C4267: 'argumento': conversión de 'size_t' a 'int'; posible pérdida de datos
C:\Users\Felipe\Desktop\of_v0.9.8_vs_release\libs\openFrameworks\math\ofMatrix4x4.h(969): warning C4267: 'argumento': conversión de 'size_t' a 'int'; posible pérdida de datos
C:\Users\Felipe\Desktop\of_v0.9.8_vs_release\libs\openFrameworks\math\ofMatrix4x4.h(970): warning C4267: 'argumento': conversión de 'size_t' a 'int'; posible pérdida de datos
C:\Users\Felipe\Desktop\of_v0.9.8_vs_release\libs\openFrameworks\math\ofMatrix4x4.h(971): warning C4267: 'argumento': conversión de 'size_t' a 'int'; posible pérdida de datos
C:\Users\Felipe\Desktop\of_v0.9.8_vs_release\libs\openFrameworks\math\ofMatrix4x4.h(972): warning C4267: 'argumento': conversión de 'size_t' a 'int'; posible pérdida de datos
     Creando biblioteca bin\emptyExample.lib y objeto bin\emptyExample.exp
  LINK : se especificó /LTCG pero no se requiere generación de código; quite /LTCG de la línea de comandos de vínculo para mejorar el rendimiento del vinculador
  emptyExample.vcxproj -> C:\Users\Felipe\Desktop\of_v0.9.8_vs_release\apps\TouchWall (Win)\touchWall_VS\bin\emptyExample.exe
  
  	                   9	C:\Users\Felipe\Desktop\of_v0.9.8_vs_release\export\vs\x64\
  	  *Archivo EXTRA		    4096	C:\Users\Felipe\Desktop\of_v0.9.8_vs_release\apps\TouchWall (Win)\touchWall_VS\bin\._assimp.dll
  	  *Archivo EXTRA		    4096	C:\Users\Felipe\Desktop\of_v0.9.8_vs_release\apps\TouchWall (Win)\touchWall_VS\bin\._fmodex64.dll
  	  *Archivo EXTRA		    4096	C:\Users\Felipe\Desktop\of_v0.9.8_vs_release\apps\TouchWall (Win)\touchWall_VS\bin\._fmodexL64.dll
  	  *Archivo EXTRA		    4096	C:\Users\Felipe\Desktop\of_v0.9.8_vs_release\apps\TouchWall (Win)\touchWall_VS\bin\._FreeImage.dll
  	  *Archivo EXTRA		    4096	C:\Users\Felipe\Desktop\of_v0.9.8_vs_release\apps\TouchWall (Win)\touchWall_VS\bin\._freetype.dll
  	  *Archivo EXTRA		    4096	C:\Users\Felipe\Desktop\of_v0.9.8_vs_release\apps\TouchWall (Win)\touchWall_VS\bin\._glut32.dll
  	  *Archivo EXTRA		    4096	C:\Users\Felipe\Desktop\of_v0.9.8_vs_release\apps\TouchWall (Win)\touchWall_VS\bin\._libeay32.dll
  	  *Archivo EXTRA		    4096	C:\Users\Felipe\Desktop\of_v0.9.8_vs_release\apps\TouchWall (Win)\touchWall_VS\bin\._ssleay32.dll
  	  *Archivo EXTRA		    4096	C:\Users\Felipe\Desktop\of_v0.9.8_vs_release\apps\TouchWall (Win)\touchWall_VS\bin\._Zlib.dll
